[H[J
****************************************************************************************************

                                HSGQ-XE04R EPON OLT Operating System

                        Copyright(C) 2016-2022 by HSGQ, All rights reserved.
****************************************************************************************************


username:
The length of the user name is invalid!
username:
The length of the user name is invalid!
username:DEBUG:tzlocal:Looking up time zone info from registry
DEBUG:tzlocal:Looking up time zone info from registry
DEBUG:tzlocal:Looking up time zone info from registry
DEBUG:tzlocal:Looking up time zone info from registry
DEBUG:tzlocal:Looking up time zone info from registry
DEBUG:tzlocal:Looking up time zone info from registry
DEBUG:tzlocal:Looking up time zone info from registry
DEBUG:tzlocal:Looking up time zone info from registry
DEBUG:tzlocal:Looking up time zone info from registry
DEBUG:tzlocal:Looking up time zone info from registry
DEBUG:tzlocal:Looking up time zone info from registry
DEBUG:tzlocal:Looking up time zone info from registry
DEBUG:tzlocal:Looking up time zone info from registry
DEBUG:tzlocal:Looking up time zone info from registry
DEBUG:tzlocal:Looking up time zone info from registry
DEBUG:tzlocal:Looking up time zone info from registry
DEBUG:tzlocal:Looking up time zone info from registry
DEBUG:tzlocal:Looking up time zone info from registry
DEBUG:tzlocal:Looking up time zone info from registry
DEBUG:tzlocal:Looking up time zone info from registry
DEBUG:tzlocal:Looking up time zone info from registry
DEBUG:tzlocal:Looking up time zone info from registry
DEBUG:tzlocal:Looking up time zone info from registry
DEBUG:tzlocal:Looking up time zone info from registry
DEBUG:tzlocal:Looking up time zone info from registry
DEBUG:tzlocal:Looking up time zone info from registry
DEBUG:tzlocal:Looking up time zone info from registry
DEBUG:tzlocal:Looking up time zone info from registry
DEBUG:tzlocal:Looking up time zone info from registry
DEBUG:tzlocal:Looking up time zone info from registry
DEBUG:tzlocal:Looking up time zone info from registry
DEBUG:tzlocal:Looking up time zone info from registry
DEBUG:tzlocal:Looking up time zone info from registry
DEBUG:tzlocal:Looking up time zone info from registry
DEBUG:tzlocal:Looking up time zone info from registry
DEBUG:tzlocal:Looking up time zone info from registry
DEBUG:tzlocal:Looking up time zone info from registry
DEBUG:tzlocal:Looking up time zone info from registry
DEBUG:tzlocal:Looking up time zone info from registry
DEBUG:tzlocal:Looking up time zone info from registry
DEBUG:tzlocal:Looking up time zone info from registry
DEBUG:tzlocal:Looking up time zone info from registry
DEBUG:tzlocal:Looking up time zone info from registry
DEBUG:tzlocal:Looking up time zone info from registry
DEBUG:tzlocal:Looking up time zone info from registry
DEBUG:tzlocal:Looking up time zone info from registry
DEBUG:tzlocal:Looking up time zone info from registry
DEBUG:tzlocal:Looking up time zone info from registry
DEBUG:tzlocal:Looking up time zone info from registry
DEBUG:tzlocal:Looking up time zone info from registry
DEBUG:tzlocal:Looking up time zone info from registry
DEBUG:tzlocal:Looking up time zone info from registry
DEBUG:tzlocal:Looking up time zone info from registry
DEBUG:tzlocal:Looking up time zone info from registry
DEBUG:tzlocal:Looking up time zone info from registry
DEBUG:tzlocal:Looking up time zone info from registry
DEBUG:tzlocal:Looking up time zone info from registry
DEBUG:tzlocal:Looking up time zone info from registry
DEBUG:tzlocal:Looking up time zone info from registry
DEBUG:tzlocal:Looking up time zone info from registry
DEBUG:tzlocal:Looking up time zone info from registry
DEBUG:tzlocal:Looking up time zone info from registry
DEBUG:tzlocal:Looking up time zone info from registry
DEBUG:tzlocal:Looking up time zone info from registry
DEBUG:tzlocal:Looking up time zone info from registry
DEBUG:tzlocal:Looking up time zone info from registry
DEBUG:tzlocal:Looking up time zone info from registry
DEBUG:tzlocal:Looking up time zone info from registry
DEBUG:tzlocal:Looking up time zone info from registry
DEBUG:tzlocal:Looking up time zone info from registry
DEBUG:tzlocal:Looking up time zone info from registry
DEBUG:tzlocal:Looking up time zone info from registry
DEBUG:tzlocal:Looking up time zone info from registry
DEBUG:tzlocal:Looking up time zone info from registry
DEBUG:tzlocal:Looking up time zone info from registry
DEBUG:tzlocal:Looking up time zone info from registry
DEBUG:tzlocal:Looking up time zone info from registry
DEBUG:tzlocal:Looking up time zone info from registry
DEBUG:tzlocal:Looking up time zone info from registry
DEBUG:tzlocal:Looking up time zone info from registry
DEBUG:tzlocal:Looking up time zone info from registry
DEBUG:tzlocal:Looking up time zone info from registry
DEBUG:tzlocal:Looking up time zone info from registry
DEBUG:tzlocal:Looking up time zone info from registry
DEBUG:tzlocal:Looking up time zone info from registry
DEBUG:tzlocal:Looking up time zone info from registry
DEBUG:tzlocal:Looking up time zone info from registry
DEBUG:tzlocal:Looking up time zone info from registry
DEBUG:tzlocal:Looking up time zone info from registry
DEBUG:tzlocal:Looking up time zone info from registry
DEBUG:tzlocal:Looking up time zone info from registry
DEBUG:tzlocal:Looking up time zone info from registry
DEBUG:tzlocal:Looking up time zone info from registry
DEBUG:tzlocal:Looking up time zone info from registry
DEBUG:tzlocal:Looking up time zone info from registry
DEBUG:tzlocal:Looking up time zone info from registry
DEBUG:tzlocal:Looking up time zone info from registry
DEBUG:tzlocal:Looking up time zone info from registry
DEBUG:tzlocal:Looking up time zone info from registry
DEBUG:tzlocal:Looking up time zone info from registry
DEBUG:tzlocal:Looking up time zone info from registry
DEBUG:tzlocal:Looking up time zone info from registry
DEBUG:tzlocal:Looking up time zone info from registry
DEBUG:tzlocal:Looking up time zone info from registry
DEBUG:tzlocal:Looking up time zone info from registry
DEBUG:tzlocal:Looking up time zone info from registry
DEBUG:tzlocal:Looking up time zone info from registry
DEBUG:tzlocal:Looking up time zone info from registry
DEBUG:tzlocal:Looking up time zone info from registry
DEBUG:tzlocal:Looking up time zone info from registry
DEBUG:tzlocal:Looking up time zone info from registry
DEBUG:tzlocal:Looking up time zone info from registry
DEBUG:tzlocal:Looking up time zone info from registry
DEBUG:tzlocal:Looking up time zone info from registry
DEBUG:tzlocal:Looking up time zone info from registry
DEBUG:tzlocal:Looking up time zone info from registry
DEBUG:tzlocal:Looking up time zone info from registry
DEBUG:tzlocal:Looking up time zone info from registry
DEBUG:tzlocal:Looking up time zone info from registry
DEBUG:tzlocal:Looking up time zone info from registry
DEBUG:tzlocal:Looking up time zone info from registry
DEBUG:tzlocal:Looking up time zone info from registry
DEBUG:tzlocal:Looking up time zone info from registry
DEBUG:tzlocal:Looking up time zone info from registry
DEBUG:tzlocal:Looking up time zone info from registry
DEBUG:tzlocal:Looking up time zone info from registry
DEBUG:tzlocal:Looking up time zone info from registry
DEBUG:tzlocal:Looking up time zone info from registry
DEBUG:tzlocal:Looking up time zone info from registry
DEBUG:tzlocal:Looking up time zone info from registry
DEBUG:tzlocal:Looking up time zone info from registry
DEBUG:tzlocal:Looking up time zone info from registry
DEBUG:tzlocal:Looking up time zone info from registry
DEBUG:tzlocal:Looking up time zone info from registry
DEBUG:tzlocal:Looking up time zone info from registry
DEBUG:tzlocal:Looking up time zone info from registry
DEBUG:tzlocal:Looking up time zone info from registry
DEBUG:tzlocal:Looking up time zone info from registry
DEBUG:tzlocal:Looking up time zone info from registry
DEBUG:tzlocal:Looking up time zone info from registry
DEBUG:tzlocal:Looking up time zone info from registry
DEBUG:tzlocal:Looking up time zone info from registry
DEBUG:tzlocal:Looking up time zone info from registry
DEBUG:tzlocal:Looking up time zone info from registry
DEBUG:tzlocal:Looking up time zone info from registry
DEBUG:tzlocal:Looking up time zone info from registry
DEBUG:tzlocal:Looking up time zone info from registry
DEBUG:tzlocal:Looking up time zone info from registry
DEBUG:tzlocal:Looking up time zone info from registry
DEBUG:tzlocal:Looking up time zone info from registry
DEBUG:tzlocal:Looking up time zone info from registry
DEBUG:tzlocal:Looking up time zone info from registry
DEBUG:tzlocal:Looking up time zone info from registry
DEBUG:tzlocal:Looking up time zone info from registry
DEBUG:tzlocal:Looking up time zone info from registry
DEBUG:tzlocal:Looking up time zone info from registry
DEBUG:tzlocal:Looking up time zone info from registry
DEBUG:tzlocal:Looking up time zone info from registry
DEBUG:tzlocal:Looking up time zone info from registry
DEBUG:tzlocal:Looking up time zone info from registry
DEBUG:tzlocal:Looking up time zone info from registry
DEBUG:tzlocal:Looking up time zone info from registry
DEBUG:tzlocal:Looking up time zone info from registry
DEBUG:tzlocal:Looking up time zone info from registry
DEBUG:tzlocal:Looking up time zone info from registry
DEBUG:tzlocal:Looking up time zone info from registry
DEBUG:tzlocal:Looking up time zone info from registry
DEBUG:tzlocal:Looking up time zone info from registry
DEBUG:tzlocal:Looking up time zone info from registry
DEBUG:tzlocal:Looking up time zone info from registry
DEBUG:tzlocal:Looking up time zone info from registry
DEBUG:tzlocal:Looking up time zone info from registry
DEBUG:tzlocal:Looking up time zone info from registry
DEBUG:tzlocal:Looking up time zone info from registry
DEBUG:tzlocal:Looking up time zone info from registry
DEBUG:tzlocal:Looking up time zone info from registry
DEBUG:tzlocal:Looking up time zone info from registry
DEBUG:tzlocal:Looking up time zone info from registry
DEBUG:tzlocal:Looking up time zone info from registry
DEBUG:tzlocal:Looking up time zone info from registry
DEBUG:tzlocal:Looking up time zone info from registry
DEBUG:tzlocal:Looking up time zone info from registry
DEBUG:tzlocal:Looking up time zone info from registry
DEBUG:tzlocal:Looking up time zone info from registry
DEBUG:tzlocal:Looking up time zone info from registry
DEBUG:tzlocal:Looking up time zone info from registry
DEBUG:tzlocal:Looking up time zone info from registry
DEBUG:tzlocal:Looking up time zone info from registry
DEBUG:tzlocal:Looking up time zone info from registry
DEBUG:tzlocal:Looking up time zone info from registry
DEBUG:tzlocal:Looking up time zone info from registry
DEBUG:tzlocal:Looking up time zone info from registry
DEBUG:tzlocal:Looking up time zone info from registry
DEBUG:tzlocal:Looking up time zone info from registry
DEBUG:tzlocal:Looking up time zone info from registry
DEBUG:tzlocal:Looking up time zone info from registry
DEBUG:tzlocal:Looking up time zone info from registry
DEBUG:tzlocal:Looking up time zone info from registry
DEBUG:tzlocal:Looking up time zone info from registry
DEBUG:tzlocal:Looking up time zone info from registry
DEBUG:tzlocal:Looking up time zone info from registry
DEBUG:tzlocal:Looking up time zone info from registry
DEBUG:tzlocal:Looking up time zone info from registry
DEBUG:tzlocal:Looking up time zone info from registry
DEBUG:tzlocal:Looking up time zone info from registry
DEBUG:tzlocal:Looking up time zone info from registry
DEBUG:tzlocal:Looking up time zone info from registry
DEBUG:tzlocal:Looking up time zone info from registry
DEBUG:tzlocal:Looking up time zone info from registry
DEBUG:tzlocal:Looking up time zone info from registry
DEBUG:tzlocal:Looking up time zone info from registry
DEBUG:tzlocal:Looking up time zone info from registry
DEBUG:tzlocal:Looking up time zone info from registry
DEBUG:tzlocal:Looking up time zone info from registry
DEBUG:tzlocal:Looking up time zone info from registry
DEBUG:tzlocal:Looking up time zone info from registry
DEBUG:tzlocal:Looking up time zone info from registry
DEBUG:tzlocal:Looking up time zone info from registry
DEBUG:tzlocal:Looking up time zone info from registry
DEBUG:tzlocal:Looking up time zone info from registry
DEBUG:tzlocal:Looking up time zone info from registry
DEBUG:tzlocal:Looking up time zone info from registry
DEBUG:tzlocal:Looking up time zone info from registry
DEBUG:tzlocal:Looking up time zone info from registry
DEBUG:tzlocal:Looking up time zone info from registry
DEBUG:tzlocal:Looking up time zone info from registry
DEBUG:tzlocal:Looking up time zone info from registry
DEBUG:tzlocal:Looking up time zone info from registry
DEBUG:tzlocal:Looking up time zone info from registry
DEBUG:tzlocal:Looking up time zone info from registry
DEBUG:tzlocal:Looking up time zone info from registry
DEBUG:tzlocal:Looking up time zone info from registry
DEBUG:tzlocal:Looking up time zone info from registry
DEBUG:tzlocal:Looking up time zone info from registry
DEBUG:tzlocal:Looking up time zone info from registry
DEBUG:tzlocal:Looking up time zone info from registry
DEBUG:tzlocal:Looking up time zone info from registry
DEBUG:tzlocal:Looking up time zone info from registry
DEBUG:tzlocal:Looking up time zone info from registry
DEBUG:tzlocal:Looking up time zone info from registry
DEBUG:tzlocal:Looking up time zone info from registry
DEBUG:tzlocal:Looking up time zone info from registry
DEBUG:tzlocal:Looking up time zone info from registry
DEBUG:tzlocal:Looking up time zone info from registry
DEBUG:tzlocal:Looking up time zone info from registry
DEBUG:tzlocal:Looking up time zone info from registry
DEBUG:tzlocal:Looking up time zone info from registry
DEBUG:tzlocal:Looking up time zone info from registry
DEBUG:tzlocal:Looking up time zone info from registry
DEBUG:tzlocal:Looking up time zone info from registry
DEBUG:tzlocal:Looking up time zone info from registry
DEBUG:tzlocal:Looking up time zone info from registry
DEBUG:tzlocal:Looking up time zone info from registry
DEBUG:tzlocal:Looking up time zone info from registry
DEBUG:tzlocal:Looking up time zone info from registry
DEBUG:tzlocal:Looking up time zone info from registry
DEBUG:tzlocal:Looking up time zone info from registry
DEBUG:tzlocal:Looking up time zone info from registry
DEBUG:tzlocal:Looking up time zone info from registry
DEBUG:tzlocal:Looking up time zone info from registry
DEBUG:tzlocal:Looking up time zone info from registry
DEBUG:tzlocal:Looking up time zone info from registry
DEBUG:tzlocal:Looking up time zone info from registry
DEBUG:tzlocal:Looking up time zone info from registry
DEBUG:tzlocal:Looking up time zone info from registry
DEBUG:tzlocal:Looking up time zone info from registry
DEBUG:tzlocal:Looking up time zone info from registry
DEBUG:tzlocal:Looking up time zone info from registry
DEBUG:tzlocal:Looking up time zone info from registry
DEBUG:tzlocal:Looking up time zone info from registry
DEBUG:tzlocal:Looking up time zone info from registry
DEBUG:tzlocal:Looking up time zone info from registry
DEBUG:tzlocal:Looking up time zone info from registry
DEBUG:tzlocal:Looking up time zone info from registry
DEBUG:tzlocal:Looking up time zone info from registry
DEBUG:tzlocal:Looking up time zone info from registry
DEBUG:tzlocal:Looking up time zone info from registry
DEBUG:tzlocal:Looking up time zone info from registry
DEBUG:tzlocal:Looking up time zone info from registry
DEBUG:tzlocal:Looking up time zone info from registry
DEBUG:tzlocal:Looking up time zone info from registry
DEBUG:tzlocal:Looking up time zone info from registry
DEBUG:tzlocal:Looking up time zone info from registry
DEBUG:tzlocal:Looking up time zone info from registry
DEBUG:tzlocal:Looking up time zone info from registry
DEBUG:tzlocal:Looking up time zone info from registry
DEBUG:tzlocal:Looking up time zone info from registry
DEBUG:tzlocal:Looking up time zone info from registry
DEBUG:tzlocal:Looking up time zone info from registry
DEBUG:tzlocal:Looking up time zone info from registry
DEBUG:tzlocal:Looking up time zone info from registry
DEBUG:tzlocal:Looking up time zone info from registry
DEBUG:tzlocal:Looking up time zone info from registry
DEBUG:tzlocal:Looking up time zone info from registry
DEBUG:tzlocal:Looking up time zone info from registry
DEBUG:tzlocal:Looking up time zone info from registry
DEBUG:tzlocal:Looking up time zone info from registry
DEBUG:tzlocal:Looking up time zone info from registry
DEBUG:tzlocal:Looking up time zone info from registry
DEBUG:tzlocal:Looking up time zone info from registry
DEBUG:tzlocal:Looking up time zone info from registry
DEBUG:tzlocal:Looking up time zone info from registry
DEBUG:tzlocal:Looking up time zone info from registry
DEBUG:tzlocal:Looking up time zone info from registry
DEBUG:tzlocal:Looking up time zone info from registry
DEBUG:tzlocal:Looking up time zone info from registry
DEBUG:tzlocal:Looking up time zone info from registry
DEBUG:tzlocal:Looking up time zone info from registry
DEBUG:tzlocal:Looking up time zone info from registry
DEBUG:tzlocal:Looking up time zone info from registry
DEBUG:tzlocal:Looking up time zone info from registry
DEBUG:tzlocal:Looking up time zone info from registry
DEBUG:tzlocal:Looking up time zone info from registry
DEBUG:tzlocal:Looking up time zone info from registry
DEBUG:tzlocal:Looking up time zone info from registry
DEBUG:tzlocal:Looking up time zone info from registry
DEBUG:tzlocal:Looking up time zone info from registry
DEBUG:tzlocal:Looking up time zone info from registry
DEBUG:tzlocal:Looking up time zone info from registry
DEBUG:tzlocal:Looking up time zone info from registry
